e:\program station\radoncuda\radoncuda\x64\debug\radoncuda.pch
e:\program station\radoncuda\radoncuda\x64\debug\vc141.pdb
e:\program station\radoncuda\radoncuda\x64\debug\vc141.idb
e:\program station\radoncuda\radoncuda\x64\debug\pch.obj
e:\program station\radoncuda\radoncuda\x64\debug\radoncuda.obj
e:\program station\radoncuda\radoncuda\x64\debug\dllmain.obj
x64\debug\core_radon.cu.obj
e:\program station\radoncuda\x64\debug\radoncuda.ilk
e:\program station\radoncuda\x64\debug\radoncuda.dll
e:\program station\radoncuda\x64\debug\radoncuda.pdb
e:\program station\radoncuda\x64\debug\radoncuda.lib
e:\program station\radoncuda\x64\debug\radoncuda.exp
e:\program station\radoncuda\radoncuda\x64\debug\core_radon.cu.cache
e:\program station\radoncuda\radoncuda\x64\debug\core_radon.cu.obj
e:\program station\radoncuda\radoncuda\x64\debug\radoncuda.tlog\cl.command.1.tlog
e:\program station\radoncuda\radoncuda\x64\debug\radoncuda.tlog\cl.read.1.tlog
e:\program station\radoncuda\radoncuda\x64\debug\radoncuda.tlog\cl.write.1.tlog
e:\program station\radoncuda\radoncuda\x64\debug\radoncuda.tlog\cudacompile.read.1u.tlog
e:\program station\radoncuda\radoncuda\x64\debug\radoncuda.tlog\cudacompile.write.1u.tlog
e:\program station\radoncuda\radoncuda\x64\debug\radoncuda.tlog\link.command.1.tlog
e:\program station\radoncuda\radoncuda\x64\debug\radoncuda.tlog\link.read.1.tlog
e:\program station\radoncuda\radoncuda\x64\debug\radoncuda.tlog\link.write.1.tlog
e:\program station\radoncuda\radoncuda\x64\debug\radoncuda.tlog\radoncuda.write.1u.tlog
