  Compiling CUDA source file core_radon.cu...
  
  E:\Program Station\RadonCUDA\RadonCUDA>"C:\Program Files\NVIDIA GPU Computing Toolkit\CUDA\v10.1\bin\nvcc.exe" -gencode=arch=compute_35,code=\"sm_35,compute_35\" --use-local-env -ccbin "C:\Program Files (x86)\Microsoft Visual Studio\2017\Community\VC\Tools\MSVC\14.16.27023\bin\HostX86\x64" -x cu  -I"C:\Program Files\NVIDIA GPU Computing Toolkit\CUDA\v10.1\include" -I"C:\Program Files\NVIDIA GPU Computing Toolkit\CUDA\v10.1\include"  -G   --keep-dir x64\Debug -maxrregcount=0  --machine 64 --compile -cudart static  -g   -D_DEBUG -DRADONCUDA_EXPORTS -D_WINDOWS -D_USRDLL -D_WINDLL -D_UNICODE -DUNICODE -Xcompiler "/EHsc /W3 /nologo /Od /Fdx64\Debug\vc141.pdb /FS /Zi /RTC1 /MDd " -o x64\Debug\core_radon.cu.obj "E:\Program Station\RadonCUDA\RadonCUDA\core_radon.cu" 
c:\program files\nvidia gpu computing toolkit\cuda\v10.1\include\crt\math_functions.h : warning C4819: 该文件包含不能在当前代码页(936)中表示的字符。请将该文件保存为 Unicode 格式以防止数据丢失
c:\program files\nvidia gpu computing toolkit\cuda\v10.1\include\crt\math_functions.h(824): warning C4819: 该文件包含不能在当前代码页(936)中表示的字符。请将该文件保存为 Unicode 格式以防止数据丢失
c:\program files\nvidia gpu computing toolkit\cuda\v10.1\include\crt\math_functions.h(1759): warning C4819: 该文件包含不能在当前代码页(936)中表示的字符。请将该文件保存为 Unicode 格式以防止数据丢失
c:\program files\nvidia gpu computing toolkit\cuda\v10.1\include\crt\math_functions.h(2621): warning C4819: 该文件包含不能在当前代码页(936)中表示的字符。请将该文件保存为 Unicode 格式以防止数据丢失
c:\program files\nvidia gpu computing toolkit\cuda\v10.1\include\crt\math_functions.h(3460): warning C4819: 该文件包含不能在当前代码页(936)中表示的字符。请将该文件保存为 Unicode 格式以防止数据丢失
c:\program files\nvidia gpu computing toolkit\cuda\v10.1\include\crt\math_functions.h(4403): warning C4819: 该文件包含不能在当前代码页(936)中表示的字符。请将该文件保存为 Unicode 格式以防止数据丢失
c:\program files\nvidia gpu computing toolkit\cuda\v10.1\include\crt\math_functions.h(5301): warning C4819: 该文件包含不能在当前代码页(936)中表示的字符。请将该文件保存为 Unicode 格式以防止数据丢失
c:\program files\nvidia gpu computing toolkit\cuda\v10.1\include\crt\math_functions.h(6212): warning C4819: 该文件包含不能在当前代码页(936)中表示的字符。请将该文件保存为 Unicode 格式以防止数据丢失
c:\program files\nvidia gpu computing toolkit\cuda\v10.1\include\crt\math_functions.h(7093): warning C4819: 该文件包含不能在当前代码页(936)中表示的字符。请将该文件保存为 Unicode 格式以防止数据丢失
c:\program files\nvidia gpu computing toolkit\cuda\v10.1\include\crt\math_functions.h(7892): warning C4819: 该文件包含不能在当前代码页(936)中表示的字符。请将该文件保存为 Unicode 格式以防止数据丢失
c:\program files\nvidia gpu computing toolkit\cuda\v10.1\include\crt/device_functions.h : warning C4819: 该文件包含不能在当前代码页(936)中表示的字符。请将该文件保存为 Unicode 格式以防止数据丢失
c:\program files\nvidia gpu computing toolkit\cuda\v10.1\include\crt/device_functions.h(773): warning C4819: 该文件包含不能在当前代码页(936)中表示的字符。请将该文件保存为 Unicode 格式以防止数据丢失
c:\program files\nvidia gpu computing toolkit\cuda\v10.1\include\crt/device_functions.h(1628): warning C4819: 该文件包含不能在当前代码页(936)中表示的字符。请将该文件保存为 Unicode 格式以防止数据丢失
c:\program files\nvidia gpu computing toolkit\cuda\v10.1\include\crt\device_double_functions.h : warning C4819: 该文件包含不能在当前代码页(936)中表示的字符。请将该文件保存为 Unicode 格式以防止数据丢失
c:\program files\nvidia gpu computing toolkit\cuda\v10.1\include\sm_20_intrinsics.h : warning C4819: 该文件包含不能在当前代码页(936)中表示的字符。请将该文件保存为 Unicode 格式以防止数据丢失
c:\program files\nvidia gpu computing toolkit\cuda\v10.1\include\sm_20_intrinsics.h(925): warning C4819: 该文件包含不能在当前代码页(936)中表示的字符。请将该文件保存为 Unicode 格式以防止数据丢失
E:/Program Station/RadonCUDA/RadonCUDA/core_radon.cu(137): warning : transfer of control bypasses initialization of:
E:/Program Station/RadonCUDA/RadonCUDA/core_radon.cu(157): warning : transfer of control bypasses initialization of:
E:/Program Station/RadonCUDA/RadonCUDA/core_radon.cu(167): warning : transfer of control bypasses initialization of:
E:/Program Station/RadonCUDA/RadonCUDA/core_radon.cu(175): warning : transfer of control bypasses initialization of:
E:/Program Station/RadonCUDA/RadonCUDA/core_radon.cu(186): warning : transfer of control bypasses initialization of:
E:/Program Station/RadonCUDA/RadonCUDA/core_radon.cu(195): warning : transfer of control bypasses initialization of:
E:/Program Station/RadonCUDA/RadonCUDA/core_radon.cu(203): warning : transfer of control bypasses initialization of:
E:/Program Station/RadonCUDA/RadonCUDA/core_radon.cu(214): warning : transfer of control bypasses initialization of:
E:/Program Station/RadonCUDA/RadonCUDA/core_radon.cu(224): warning : transfer of control bypasses initialization of:
E:/Program Station/RadonCUDA/RadonCUDA/core_radon.cu(232): warning : transfer of control bypasses initialization of:
E:/Program Station/RadonCUDA/RadonCUDA/core_radon.cu(243): warning : transfer of control bypasses initialization of:
E:/Program Station/RadonCUDA/RadonCUDA/core_radon.cu(252): warning : transfer of control bypasses initialization of:
E:/Program Station/RadonCUDA/RadonCUDA/core_radon.cu(260): warning : transfer of control bypasses initialization of:
E:/Program Station/RadonCUDA/RadonCUDA/core_radon.cu(271): warning : transfer of control bypasses initialization of:
c:\program files\nvidia gpu computing toolkit\cuda\v10.1\include\crt\math_functions.h : warning C4819: 该文件包含不能在当前代码页(936)中表示的字符。请将该文件保存为 Unicode 格式以防止数据丢失
c:\program files\nvidia gpu computing toolkit\cuda\v10.1\include\crt\math_functions.h(824): warning C4819: 该文件包含不能在当前代码页(936)中表示的字符。请将该文件保存为 Unicode 格式以防止数据丢失
c:\program files\nvidia gpu computing toolkit\cuda\v10.1\include\crt\math_functions.h(1759): warning C4819: 该文件包含不能在当前代码页(936)中表示的字符。请将该文件保存为 Unicode 格式以防止数据丢失
c:\program files\nvidia gpu computing toolkit\cuda\v10.1\include\crt\math_functions.h(2621): warning C4819: 该文件包含不能在当前代码页(936)中表示的字符。请将该文件保存为 Unicode 格式以防止数据丢失
c:\program files\nvidia gpu computing toolkit\cuda\v10.1\include\crt\math_functions.h(3460): warning C4819: 该文件包含不能在当前代码页(936)中表示的字符。请将该文件保存为 Unicode 格式以防止数据丢失
c:\program files\nvidia gpu computing toolkit\cuda\v10.1\include\crt\math_functions.h(4403): warning C4819: 该文件包含不能在当前代码页(936)中表示的字符。请将该文件保存为 Unicode 格式以防止数据丢失
c:\program files\nvidia gpu computing toolkit\cuda\v10.1\include\crt\math_functions.h(5301): warning C4819: 该文件包含不能在当前代码页(936)中表示的字符。请将该文件保存为 Unicode 格式以防止数据丢失
c:\program files\nvidia gpu computing toolkit\cuda\v10.1\include\crt\math_functions.h(6212): warning C4819: 该文件包含不能在当前代码页(936)中表示的字符。请将该文件保存为 Unicode 格式以防止数据丢失
c:\program files\nvidia gpu computing toolkit\cuda\v10.1\include\crt\math_functions.h(7093): warning C4819: 该文件包含不能在当前代码页(936)中表示的字符。请将该文件保存为 Unicode 格式以防止数据丢失
c:\program files\nvidia gpu computing toolkit\cuda\v10.1\include\crt\math_functions.h(7892): warning C4819: 该文件包含不能在当前代码页(936)中表示的字符。请将该文件保存为 Unicode 格式以防止数据丢失
c:\program files\nvidia gpu computing toolkit\cuda\v10.1\include\crt/device_functions.h : warning C4819: 该文件包含不能在当前代码页(936)中表示的字符。请将该文件保存为 Unicode 格式以防止数据丢失
c:\program files\nvidia gpu computing toolkit\cuda\v10.1\include\crt/device_functions.h(773): warning C4819: 该文件包含不能在当前代码页(936)中表示的字符。请将该文件保存为 Unicode 格式以防止数据丢失
c:\program files\nvidia gpu computing toolkit\cuda\v10.1\include\crt/device_functions.h(1628): warning C4819: 该文件包含不能在当前代码页(936)中表示的字符。请将该文件保存为 Unicode 格式以防止数据丢失
c:\program files\nvidia gpu computing toolkit\cuda\v10.1\include\crt\device_double_functions.h : warning C4819: 该文件包含不能在当前代码页(936)中表示的字符。请将该文件保存为 Unicode 格式以防止数据丢失
c:\program files\nvidia gpu computing toolkit\cuda\v10.1\include\sm_20_intrinsics.h : warning C4819: 该文件包含不能在当前代码页(936)中表示的字符。请将该文件保存为 Unicode 格式以防止数据丢失
c:\program files\nvidia gpu computing toolkit\cuda\v10.1\include\sm_20_intrinsics.h(925): warning C4819: 该文件包含不能在当前代码页(936)中表示的字符。请将该文件保存为 Unicode 格式以防止数据丢失
E:/Program Station/RadonCUDA/RadonCUDA/core_radon.cu(137): warning : transfer of control bypasses initialization of:
E:/Program Station/RadonCUDA/RadonCUDA/core_radon.cu(157): warning : transfer of control bypasses initialization of:
E:/Program Station/RadonCUDA/RadonCUDA/core_radon.cu(167): warning : transfer of control bypasses initialization of:
E:/Program Station/RadonCUDA/RadonCUDA/core_radon.cu(175): warning : transfer of control bypasses initialization of:
E:/Program Station/RadonCUDA/RadonCUDA/core_radon.cu(186): warning : transfer of control bypasses initialization of:
E:/Program Station/RadonCUDA/RadonCUDA/core_radon.cu(195): warning : transfer of control bypasses initialization of:
E:/Program Station/RadonCUDA/RadonCUDA/core_radon.cu(203): warning : transfer of control bypasses initialization of:
E:/Program Station/RadonCUDA/RadonCUDA/core_radon.cu(214): warning : transfer of control bypasses initialization of:
E:/Program Station/RadonCUDA/RadonCUDA/core_radon.cu(224): warning : transfer of control bypasses initialization of:
E:/Program Station/RadonCUDA/RadonCUDA/core_radon.cu(232): warning : transfer of control bypasses initialization of:
E:/Program Station/RadonCUDA/RadonCUDA/core_radon.cu(243): warning : transfer of control bypasses initialization of:
E:/Program Station/RadonCUDA/RadonCUDA/core_radon.cu(252): warning : transfer of control bypasses initialization of:
E:/Program Station/RadonCUDA/RadonCUDA/core_radon.cu(260): warning : transfer of control bypasses initialization of:
E:/Program Station/RadonCUDA/RadonCUDA/core_radon.cu(271): warning : transfer of control bypasses initialization of:
  core_radon.cu
E:/Program Station/RadonCUDA/RadonCUDA/core_radon.cu(357): warning C4533: “goto grid_xcostab”跳过了“Error”的初始化操作
  E:/Program Station/RadonCUDA/RadonCUDA/core_radon.cu(274): note: 参见“grid_xcostab”的声明
  E:/Program Station/RadonCUDA/RadonCUDA/core_radon.cu(357): note: 参见“Error”的声明
E:/Program Station/RadonCUDA/RadonCUDA/core_radon.cu(357): warning C4533: “goto grid_ysintab”跳过了“Error”的初始化操作
  E:/Program Station/RadonCUDA/RadonCUDA/core_radon.cu(217): note: 参见“grid_ysintab”的声明
  E:/Program Station/RadonCUDA/RadonCUDA/core_radon.cu(357): note: 参见“Error”的声明
c:\program files\nvidia gpu computing toolkit\cuda\v10.1\include\crt\math_functions.h : warning C4819: 该文件包含不能在当前代码页(936)中表示的字符。请将该文件保存为 Unicode 格式以防止数据丢失
c:\program files\nvidia gpu computing toolkit\cuda\v10.1\include\crt\math_functions.h(824): warning C4819: 该文件包含不能在当前代码页(936)中表示的字符。请将该文件保存为 Unicode 格式以防止数据丢失
c:\program files\nvidia gpu computing toolkit\cuda\v10.1\include\crt\math_functions.h(1759): warning C4819: 该文件包含不能在当前代码页(936)中表示的字符。请将该文件保存为 Unicode 格式以防止数据丢失
c:\program files\nvidia gpu computing toolkit\cuda\v10.1\include\crt\math_functions.h(2621): warning C4819: 该文件包含不能在当前代码页(936)中表示的字符。请将该文件保存为 Unicode 格式以防止数据丢失
c:\program files\nvidia gpu computing toolkit\cuda\v10.1\include\crt\math_functions.h(3461): warning C4819: 该文件包含不能在当前代码页(936)中表示的字符。请将该文件保存为 Unicode 格式以防止数据丢失
c:\program files\nvidia gpu computing toolkit\cuda\v10.1\include\crt\math_functions.h(4403): warning C4819: 该文件包含不能在当前代码页(936)中表示的字符。请将该文件保存为 Unicode 格式以防止数据丢失
c:\program files\nvidia gpu computing toolkit\cuda\v10.1\include\crt\math_functions.h(5301): warning C4819: 该文件包含不能在当前代码页(936)中表示的字符。请将该文件保存为 Unicode 格式以防止数据丢失
c:\program files\nvidia gpu computing toolkit\cuda\v10.1\include\crt\math_functions.h(6212): warning C4819: 该文件包含不能在当前代码页(936)中表示的字符。请将该文件保存为 Unicode 格式以防止数据丢失
c:\program files\nvidia gpu computing toolkit\cuda\v10.1\include\crt\math_functions.h(7093): warning C4819: 该文件包含不能在当前代码页(936)中表示的字符。请将该文件保存为 Unicode 格式以防止数据丢失
c:\program files\nvidia gpu computing toolkit\cuda\v10.1\include\crt\math_functions.h(7892): warning C4819: 该文件包含不能在当前代码页(936)中表示的字符。请将该文件保存为 Unicode 格式以防止数据丢失
  pch.cpp
  dllmain.cpp
    正在创建库 E:\Program Station\RadonCUDA\x64\Debug\RADONCUDA.lib 和对象 E:\Program Station\RadonCUDA\x64\Debug\RADONCUDA.exp
  RadonCUDA.vcxproj -> E:\Program Station\RadonCUDA\x64\Debug\RADONCUDA.dll
